This is TeX, Version 3.1415926 (TeX Live 2009/Debian) (format=tex 2011.5.1)  17 NOV 2011 10:44
**attachfile.ins
(./attachfile.ins (/usr/share/texmf-texlive/tex/latex/base/docstrip.tex
\blockLevel=\count26
\emptyLines=\count27
\processedLines=\count28
\commentsRemoved=\count29
\commentsPassed=\count30
\codeLinesPassed=\count31
\TotalprocessedLines=\count32
\TotalcommentsRemoved=\count33
\TotalcommentsPassed=\count34
\TotalcodeLinesPassed=\count35
\NumberOfFiles=\count36
\inFile=\read0
\inputcheck=\read1
\@tempcnta=\count37
\off@0=\count38
\off@1=\count39
\off@2=\count40
\off@3=\count41
\off@4=\count42
\off@5=\count43
\off@6=\count44
\off@7=\count45
\off@8=\count46
\off@9=\count47
\off@10=\count48
\off@11=\count49
\off@12=\count50
\off@13=\count51
\off@14=\count52
\off@15=\count53
\@temptokena=\toks12
\@maxfiles=\count54
\@maxoutfiles=\count55

Utility: `docstrip' 2.5d <2005/07/29>
English documentation    <1999/03/31>

**********************************************************
* This program converts documented macro-files into fast *
* loadable files by stripping off (nearly) all comments! *
**********************************************************

********************************************************
* No Configuration file found, using default settings. *
********************************************************

)

Generating file(s) attachfile.sty 
\openout0 = `attachfile.sty'.


Processing file attachfile.dtx (package) -> attachfile.sty
File attachfile.dtx ended by \endinput.
Lines  processed: 1869
Comments removed: 1448
Comments  passed: 0
Codelines passed: 409


Generating file(s) attachfile.bib 
\openout0 = `attachfile.bib'.


Processing file attachfile.dtx (attachment) -> attachfile.bib
File attachfile.dtx ended by \endinput.
Lines  processed: 1869
Comments removed: 1448
Comments  passed: 0
Codelines passed: 409

******************************************************
*                                                    *
* To finish the installation, you have to move       *
* attachfile.sty into a directory searched by TeX.   *
*                                                    *
* To produce the documentation, run attachfile.dtx   *
* through pdfLaTeX.                                  *
*                                                    *
* Happy TeXing!                                      *
******************************************************
Overall statistics:
Files  processed: 2
Lines  processed: 3738
Comments removed: 2896
Comments  passed: 0
Codelines passed: 818
 )
No pages of output.
