This is TeX, Version 3.1415926 (TeX Live 2009/Debian) (format=tex 2011.5.1)  17 NOV 2011 10:44
**attachfile.ins
(./attachfile.ins (/usr/share/texmf-texlive/tex/latex/base/docstrip.tex
\blockLevel=\count26
\emptyLines=\count27
\processedLines=\count28
\commentsRemoved=\count29
\commentsPassed=\count30
\codeLinesPassed=\count31
\TotalprocessedLines=\count32
\TotalcommentsRemoved=\count33
\TotalcommentsPassed=\count34
\TotalcodeLinesPassed=\count35
\NumberOfFiles=\count36
\inFile=\read0
\inputcheck=\read1
\@tempcnta=\count37
\off@0=\count38
\off@1=\count39
\off@2=\count40
\off@3=\count41
\off@4=\count42
\off@5=\count43
\off@6=\count44
\off@7=\count45
\off@8=\count46
\off@9=\count47
\off@10=\count48
\off@11=\count49
\off@12=\count50
\off@13=\count51
\off@14=\count52
\off@15=\count53
\@temptokena=\toks12
\@maxfiles=\count54
\@maxoutfiles=\count55

Utility: `docstrip' 2.5d <2005/07/29>
English documentation    <1999/03/31>

**********************************************************
* This program converts documented macro-files into fast *
* loadable files by stripping off (nearly) all comments! *
**********************************************************

********************************************************
* No Configuration file found, using default settings. *
********************************************************

)

Generating file(s) attachfile.sty 
! Cannot find file attachfile.dtx.
\readsource ...ot find file \uptospace #1 \qStop }
                                                  \else \processedLines \z@ ...

\processinputfiles ...putfiles \empty \inputfiles 
                                                  \let \inputfiles \newinput...

\generate ...eName \endcsname }\processinputfiles 
                                                  \endgroup 
l.46 ...file.sty}{\from{attachfile.dtx}{package}}}
                                                  
? q
OK, entering \batchmode...

Generating file(s) attachfile.bib 
! Cannot find file attachfile.dtx.
\readsource ...ot find file \uptospace #1 \qStop }
                                                  \else \processedLines \z@ ...

\processinputfiles ...putfiles \empty \inputfiles 
                                                  \let \inputfiles \newinput...

\generate ...eName \endcsname }\processinputfiles 
                                                  \endgroup 
l.49 ...e.bib}{\from{attachfile.dtx}{attachment}}}
                                                  
This error message was generated by an \errmessage
command, so I can't give any explicit help.
Pretend that you're Hercule Poirot: Examine all clues,
and deduce the truth by order and method.

******************************************************
*                                                    *
* To finish the installation, you have to move       *
* attachfile.sty into a directory searched by TeX.   *
*                                                    *
* To produce the documentation, run attachfile.dtx   *
* through pdfLaTeX.                                  *
*                                                    *
* Happy TeXing!                                      *
******************************************************
 )
No pages of output.
